<html>
<head>
<title>TestNG:  Test1</title>
<link href="../testng.css" rel="stylesheet" type="text/css" />
<link href="../my-testng.css" rel="stylesheet" type="text/css" />

<style type="text/css">
.log { display: none;} 
.stack-trace { display: none;} 
</style>
<script type="text/javascript">
<!--
function flip(e) {
  current = e.style.display;
  if (current == 'block') {
    e.style.display = 'none';
    return 0;
  }
  else {
    e.style.display = 'block';
    return 1;
  }
}

function toggleBox(szDivId, elem, msg1, msg2)
{
  var res = -1;  if (document.getElementById) {
    res = flip(document.getElementById(szDivId));
  }
  else if (document.all) {
    // this is the way old msie versions work
    res = flip(document.all[szDivId]);
  }
  if(elem) {
    if(res == 0) elem.innerHTML = msg1; else elem.innerHTML = msg2;
  }

}

function toggleAllBoxes() {
  if (document.getElementsByTagName) {
    d = document.getElementsByTagName('div');
    for (i = 0; i < d.length; i++) {
      if (d[i].className == 'log') {
        flip(d[i]);
      }
    }
  }
}

// -->
</script>

</head>
<body>
<h2 align='center'>Test1</h2><table border='1' align="center">
<tr>
<td>Tests passed/Failed/Skipped:</td><td>0/5/0</td>
</tr><tr>
<td>Started on:</td><td>Wed Apr 24 14:37:27 IST 2024</td>
</tr>
<tr><td>Total time:</td><td>181 seconds (181732 ms)</td>
</tr><tr>
<td>Included groups:</td><td></td>
</tr><tr>
<td>Excluded groups:</td><td></td>
</tr>
</table><p/>
<small><i>(Hover the method name to see the test class name)</i></small><p/>
<table width='100%' border='1' class='invocation-failed'>
<tr><td colspan='4' align='center'><b>FAILED TESTS</b></td></tr>
<tr><td><b>Test method</b></td>
<td><b>Attribute(s)</b></td>
<td width="30%"><b>Exception</b></td>
<td width="10%"><b>Time (seconds)</b></td>
<td><b>Instance</b></td>
</tr>
<tr>
<td title='StepDefinition.TestRunner.runScenario()'><b>runScenario</b><br>Test class: StepDefinition.TestRunner<br>Test method: Runs Cucumber Scenarios<br>Parameters: "Creation of a new Document", "Optional[Document]"</td>
<td><div><pre>java.lang.NullPointerException: Cannot invoke &quot;String.toUpperCase()&quot; because &quot;drivernm&quot; is null
	at Utilities.DriverIntialization.setWebDriver(DriverIntialization.java:39)
	at Utilities.DriverIntialization.intializeDriver(DriverIntialization.java:28)
	at StepDefinition.Init_Teardown.initDriver(Init_Teardown.java:37)
</pre></div><a href='#' onClick='toggleBox("stack-trace1469552279", this, "Click to show all stack frames", "Click to hide stack frames")'>Click to show all stack frames</a>
<div class='stack-trace' id='stack-trace1469552279'><pre>java.lang.NullPointerException: Cannot invoke &quot;String.toUpperCase()&quot; because &quot;drivernm&quot; is null
	at Utilities.DriverIntialization.setWebDriver(DriverIntialization.java:39)
	at Utilities.DriverIntialization.intializeDriver(DriverIntialization.java:28)
	at StepDefinition.Init_Teardown.initDriver(Init_Teardown.java:37)
</pre></div></td>
<td>10</td>
<td>StepDefinition.TestRunner@158a8276</td></tr>
<tr>
<td title='StepDefinition.TestRunner.runScenario()'><b>runScenario</b><br>Test class: StepDefinition.TestRunner<br>Test method: Runs Cucumber Scenarios<br>Parameters: "Creation of a new CAD model", "Optional[Document]"</td>
<td><div><pre>java.lang.NullPointerException: Cannot invoke &quot;String.toUpperCase()&quot; because &quot;drivernm&quot; is null
	at Utilities.DriverIntialization.setWebDriver(DriverIntialization.java:39)
	at Utilities.DriverIntialization.intializeDriver(DriverIntialization.java:28)
	at StepDefinition.Init_Teardown.initDriver(Init_Teardown.java:37)
</pre></div><a href='#' onClick='toggleBox("stack-trace315176589", this, "Click to show all stack frames", "Click to hide stack frames")'>Click to show all stack frames</a>
<div class='stack-trace' id='stack-trace315176589'><pre>java.lang.NullPointerException: Cannot invoke &quot;String.toUpperCase()&quot; because &quot;drivernm&quot; is null
	at Utilities.DriverIntialization.setWebDriver(DriverIntialization.java:39)
	at Utilities.DriverIntialization.intializeDriver(DriverIntialization.java:28)
	at StepDefinition.Init_Teardown.initDriver(Init_Teardown.java:37)
</pre></div></td>
<td>11</td>
<td>StepDefinition.TestRunner@158a8276</td></tr>
<tr>
<td title='StepDefinition.TestRunner.runScenario()'><b>runScenario</b><br>Test class: StepDefinition.TestRunner<br>Test method: Runs Cucumber Scenarios<br>Parameters: "Creation of a new FCO", "Optional[Document]"</td>
<td><div><pre>java.lang.NullPointerException: Cannot invoke &quot;String.toUpperCase()&quot; because &quot;drivernm&quot; is null
	at Utilities.DriverIntialization.setWebDriver(DriverIntialization.java:39)
	at Utilities.DriverIntialization.intializeDriver(DriverIntialization.java:28)
	at StepDefinition.Init_Teardown.initDriver(Init_Teardown.java:37)
</pre></div><a href='#' onClick='toggleBox("stack-trace840157188", this, "Click to show all stack frames", "Click to hide stack frames")'>Click to show all stack frames</a>
<div class='stack-trace' id='stack-trace840157188'><pre>java.lang.NullPointerException: Cannot invoke &quot;String.toUpperCase()&quot; because &quot;drivernm&quot; is null
	at Utilities.DriverIntialization.setWebDriver(DriverIntialization.java:39)
	at Utilities.DriverIntialization.intializeDriver(DriverIntialization.java:28)
	at StepDefinition.Init_Teardown.initDriver(Init_Teardown.java:37)
</pre></div></td>
<td>10</td>
<td>StepDefinition.TestRunner@158a8276</td></tr>
<tr>
<td title='StepDefinition.TestRunner.runScenario()'><b>runScenario</b><br>Test class: StepDefinition.TestRunner<br>Test method: Runs Cucumber Scenarios<br>Parameters: "Successful creation of a new engineering part", "Optional[Part Creation and Validation]"</td>
<td><div><pre>org.openqa.selenium.NoSuchWindowException: no such window: target window already closed
from unknown error: web view not found
  (Session info: chrome=124.0.6367.60)
Build info: version: &apos;4.19.1&apos;, revision: &apos;abe0ee07dc&apos;
System info: os.name: &apos;Windows 11&apos;, os.arch: &apos;amd64&apos;, os.version: &apos;10.0&apos;, java.version: &apos;20.0.2&apos;
Driver info: org.openqa.selenium.chrome.ChromeDriver
Command: [85044d37a65bc8a171230001cbe828bd, findElements {value=frame[name=&apos;content&apos;],iframe[name=&apos;content&apos;], using=css selector}]
Capabilities {acceptInsecureCerts: true, browserName: chrome, browserVersion: 124.0.6367.60, chrome: {chromedriverVersion: 124.0.6367.78 (a087f2dd364d..., userDataDir: C:\Users\SMISHR~1\AppData\L...}, fedcm:accounts: true, goog:chromeOptions: {debuggerAddress: localhost:53716}, networkConnectionEnabled: false, pageLoadStrategy: normal, platformName: windows, proxy: Proxy(), se:cdp: ws://localhost:53716/devtoo..., se:cdpVersion: 124.0.6367.60, setWindowRect: true, strictFileInteractability: false, timeouts: {implicit: 0, pageLoad: 300000, script: 30000}, unhandledPromptBehavior: dismiss and notify, webauthn:extension:credBlob: true, webauthn:extension:largeBlob: true, webauthn:extension:minPinLength: true, webauthn:extension:prf: true, webauthn:virtualAuthenticators: true}
Session ID: 85044d37a65bc8a171230001cbe828bd
	at org.openqa.selenium.remote.ErrorCodec.decode(ErrorCodec.java:167)
	at org.openqa.selenium.remote.codec.w3c.W3CHttpResponseCodec.decode(W3CHttpResponseCodec.java:138)
	at org.openqa.selenium.remote.codec.w3c.W3CHttpResponseCodec.decode(W3CHttpResponseCodec.java:50)
	at org.openqa.selenium.remote.HttpCommandExecutor.execute(HttpCommandExecutor.java:190)
	at org.openqa.selenium.remote.service.DriverCommandExecutor.invokeExecute(DriverCommandExecutor.java:216)
	at org.openqa.selenium.remote.service.DriverCommandExecutor.execute(DriverCommandExecutor.java:174)
	at org.openqa.selenium.remote.RemoteWebDriver.execute(RemoteWebDriver.java:518)
	at org.openqa.selenium.remote.ElementLocation$ElementFinder$2.findElements(ElementLocation.java:182)
	at org.openqa.selenium.remote.ElementLocation.findElements(ElementLocation.java:103)
	at org.openqa.selenium.remote.RemoteWebDriver.findElements(RemoteWebDriver.java:368)
	at org.openqa.selenium.remote.RemoteWebDriver.findElements(RemoteWebDriver.java:362)
	at org.openqa.selenium.remote.RemoteWebDriver$RemoteTargetLocator.frame(RemoteWebDriver.java:1090)
	at PageFactoryElements.PartDetailsPage.user_should_be_able_to_see_the_part_screen(PartDetailsPage.java:147)
	at StepDefinition.PartDetails.user_should_be_able_to_see_the_part_screen(PartDetails.java:31)
	at ✽.User should be able to see the Part screen(file:///C:/Users/smishra38/Desktop/GEMS%20Upgrade%20Test%20Automation/EAR-AA-61_GEMS_TestAutomation/SeleniumFramework%20V1/src/main/resources/appFeatures/Part%20&amp;%20Equimpent.feature:36)
... Removed 3 stack frames</pre></div><a href='#' onClick='toggleBox("stack-trace387341855", this, "Click to show all stack frames", "Click to hide stack frames")'>Click to show all stack frames</a>
<div class='stack-trace' id='stack-trace387341855'><pre>org.openqa.selenium.NoSuchWindowException: no such window: target window already closed
from unknown error: web view not found
  (Session info: chrome=124.0.6367.60)
Build info: version: &apos;4.19.1&apos;, revision: &apos;abe0ee07dc&apos;
System info: os.name: &apos;Windows 11&apos;, os.arch: &apos;amd64&apos;, os.version: &apos;10.0&apos;, java.version: &apos;20.0.2&apos;
Driver info: org.openqa.selenium.chrome.ChromeDriver
Command: [85044d37a65bc8a171230001cbe828bd, findElements {value=frame[name=&apos;content&apos;],iframe[name=&apos;content&apos;], using=css selector}]
Capabilities {acceptInsecureCerts: true, browserName: chrome, browserVersion: 124.0.6367.60, chrome: {chromedriverVersion: 124.0.6367.78 (a087f2dd364d..., userDataDir: C:\Users\SMISHR~1\AppData\L...}, fedcm:accounts: true, goog:chromeOptions: {debuggerAddress: localhost:53716}, networkConnectionEnabled: false, pageLoadStrategy: normal, platformName: windows, proxy: Proxy(), se:cdp: ws://localhost:53716/devtoo..., se:cdpVersion: 124.0.6367.60, setWindowRect: true, strictFileInteractability: false, timeouts: {implicit: 0, pageLoad: 300000, script: 30000}, unhandledPromptBehavior: dismiss and notify, webauthn:extension:credBlob: true, webauthn:extension:largeBlob: true, webauthn:extension:minPinLength: true, webauthn:extension:prf: true, webauthn:virtualAuthenticators: true}
Session ID: 85044d37a65bc8a171230001cbe828bd
	at java.base/jdk.internal.reflect.DirectConstructorHandleAccessor.newInstance(DirectConstructorHandleAccessor.java:67)
	at java.base/java.lang.reflect.Constructor.newInstanceWithCaller(Constructor.java:500)
	at java.base/java.lang.reflect.Constructor.newInstance(Constructor.java:484)
	at org.openqa.selenium.remote.ErrorCodec.decode(ErrorCodec.java:167)
	at org.openqa.selenium.remote.codec.w3c.W3CHttpResponseCodec.decode(W3CHttpResponseCodec.java:138)
	at org.openqa.selenium.remote.codec.w3c.W3CHttpResponseCodec.decode(W3CHttpResponseCodec.java:50)
	at org.openqa.selenium.remote.HttpCommandExecutor.execute(HttpCommandExecutor.java:190)
	at org.openqa.selenium.remote.service.DriverCommandExecutor.invokeExecute(DriverCommandExecutor.java:216)
	at org.openqa.selenium.remote.service.DriverCommandExecutor.execute(DriverCommandExecutor.java:174)
	at org.openqa.selenium.remote.RemoteWebDriver.execute(RemoteWebDriver.java:518)
	at org.openqa.selenium.remote.ElementLocation$ElementFinder$2.findElements(ElementLocation.java:182)
	at org.openqa.selenium.remote.ElementLocation.findElements(ElementLocation.java:103)
	at org.openqa.selenium.remote.RemoteWebDriver.findElements(RemoteWebDriver.java:368)
	at org.openqa.selenium.remote.RemoteWebDriver.findElements(RemoteWebDriver.java:362)
	at org.openqa.selenium.remote.RemoteWebDriver$RemoteTargetLocator.frame(RemoteWebDriver.java:1090)
	at PageFactoryElements.PartDetailsPage.user_should_be_able_to_see_the_part_screen(PartDetailsPage.java:147)
	at StepDefinition.PartDetails.user_should_be_able_to_see_the_part_screen(PartDetails.java:31)
	at ✽.User should be able to see the Part screen(file:///C:/Users/smishra38/Desktop/GEMS%20Upgrade%20Test%20Automation/EAR-AA-61_GEMS_TestAutomation/SeleniumFramework%20V1/src/main/resources/appFeatures/Part%20&amp;%20Equimpent.feature:36)
</pre></div></td>
<td>169</td>
<td>StepDefinition.TestRunner@158a8276</td></tr>
<tr>
<td title='StepDefinition.TestRunner.runScenario()'><b>runScenario</b><br>Test class: StepDefinition.TestRunner<br>Test method: Runs Cucumber Scenarios<br>Parameters: "Creation of a new CAD Drawing", "Optional[Document]"</td>
<td><div><pre>java.lang.NullPointerException: Cannot invoke &quot;String.toUpperCase()&quot; because &quot;drivernm&quot; is null
	at Utilities.DriverIntialization.setWebDriver(DriverIntialization.java:39)
	at Utilities.DriverIntialization.intializeDriver(DriverIntialization.java:28)
	at StepDefinition.Init_Teardown.initDriver(Init_Teardown.java:37)
</pre></div><a href='#' onClick='toggleBox("stack-trace1008764074", this, "Click to show all stack frames", "Click to hide stack frames")'>Click to show all stack frames</a>
<div class='stack-trace' id='stack-trace1008764074'><pre>java.lang.NullPointerException: Cannot invoke &quot;String.toUpperCase()&quot; because &quot;drivernm&quot; is null
	at Utilities.DriverIntialization.setWebDriver(DriverIntialization.java:39)
	at Utilities.DriverIntialization.intializeDriver(DriverIntialization.java:28)
	at StepDefinition.Init_Teardown.initDriver(Init_Teardown.java:37)
</pre></div></td>
<td>10</td>
<td>StepDefinition.TestRunner@158a8276</td></tr>
</table><p>
</body>
</html>